CRITICAL - 2022-11-11 18:40:53 --> Undefined variable: title
#0 C:\Users\Lenovo\Desktop\ci4app\app\Views\layout\template.php(12): CodeIgniter\Debug\Exceptions->errorHandler(8, 'Undefined varia...', 'C:\\Users\\Lenovo...', 12, Array)
#1 C:\Users\Lenovo\Desktop\ci4app\vendor\codeigniter4\framework\system\View\View.php(210): include('C:\\Users\\Lenovo...')
#2 C:\Users\Lenovo\Desktop\ci4app\vendor\codeigniter4\framework\system\View\View.php(213): CodeIgniter\View\View->CodeIgniter\View\{closure}()
#3 C:\Users\Lenovo\Desktop\ci4app\vendor\codeigniter4\framework\system\Common.php(1089): CodeIgniter\View\View->render('layout/template', Array, true)
#4 C:\Users\Lenovo\Desktop\ci4app\app\Controllers\Home.php(9): view('layout/template')
#5 C:\Users\Lenovo\Desktop\ci4app\vendor\codeigniter4\framework\system\CodeIgniter.php(832): App\Controllers\Home->index()
#6 C:\Users\Lenovo\Desktop\ci4app\vendor\codeigniter4\framework\system\CodeIgniter.php(419): CodeIgniter\CodeIgniter->runController(Object(App\Controllers\Home))
#7 C:\Users\Lenovo\Desktop\ci4app\vendor\codeigniter4\framework\system\CodeIgniter.php(326): CodeIgniter\CodeIgniter->handleRequest(NULL, Object(Config\Cache), false)
#8 C:\Users\Lenovo\Desktop\ci4app\public\index.php(37): CodeIgniter\CodeIgniter->run()
#9 C:\Users\Lenovo\Desktop\ci4app\vendor\codeigniter4\framework\system\Commands\Server\rewrite.php(43): require_once('C:\\Users\\Lenovo...')
#10 {main}
CRITICAL - 2022-11-11 19:01:21 --> Undefined variable: title
#0 C:\Users\Lenovo\Desktop\ci4app\app\Views\layout\template.php(12): CodeIgniter\Debug\Exceptions->errorHandler(8, 'Undefined varia...', 'C:\\Users\\Lenovo...', 12, Array)
#1 C:\Users\Lenovo\Desktop\ci4app\vendor\codeigniter4\framework\system\View\View.php(210): include('C:\\Users\\Lenovo...')
#2 C:\Users\Lenovo\Desktop\ci4app\vendor\codeigniter4\framework\system\View\View.php(213): CodeIgniter\View\View->CodeIgniter\View\{closure}()
#3 C:\Users\Lenovo\Desktop\ci4app\vendor\codeigniter4\framework\system\Common.php(1089): CodeIgniter\View\View->render('layout/template', Array, true)
#4 C:\Users\Lenovo\Desktop\ci4app\app\Controllers\Home.php(9): view('layout/template')
#5 C:\Users\Lenovo\Desktop\ci4app\vendor\codeigniter4\framework\system\CodeIgniter.php(832): App\Controllers\Home->index()
#6 C:\Users\Lenovo\Desktop\ci4app\vendor\codeigniter4\framework\system\CodeIgniter.php(419): CodeIgniter\CodeIgniter->runController(Object(App\Controllers\Home))
#7 C:\Users\Lenovo\Desktop\ci4app\vendor\codeigniter4\framework\system\CodeIgniter.php(326): CodeIgniter\CodeIgniter->handleRequest(NULL, Object(Config\Cache), false)
#8 C:\Users\Lenovo\Desktop\ci4app\public\index.php(37): CodeIgniter\CodeIgniter->run()
#9 C:\Users\Lenovo\Desktop\ci4app\vendor\codeigniter4\framework\system\Commands\Server\rewrite.php(43): require_once('C:\\Users\\Lenovo...')
#10 {main}
CRITICAL - 2022-11-11 23:22:56 --> Call to undefined function renderSection()
#0 C:\Users\Lenovo\Desktop\ci4app\vendor\codeigniter4\framework\system\View\View.php(210): include()
#1 C:\Users\Lenovo\Desktop\ci4app\vendor\codeigniter4\framework\system\View\View.php(213): CodeIgniter\View\View->CodeIgniter\View\{closure}()
#2 C:\Users\Lenovo\Desktop\ci4app\vendor\codeigniter4\framework\system\Common.php(1089): CodeIgniter\View\View->render('layout/template', Array, true)
#3 C:\Users\Lenovo\Desktop\ci4app\app\Controllers\Home.php(12): view('layout/template', Array)
#4 C:\Users\Lenovo\Desktop\ci4app\vendor\codeigniter4\framework\system\CodeIgniter.php(832): App\Controllers\Home->index()
#5 C:\Users\Lenovo\Desktop\ci4app\vendor\codeigniter4\framework\system\CodeIgniter.php(419): CodeIgniter\CodeIgniter->runController(Object(App\Controllers\Home))
#6 C:\Users\Lenovo\Desktop\ci4app\vendor\codeigniter4\framework\system\CodeIgniter.php(326): CodeIgniter\CodeIgniter->handleRequest(NULL, Object(Config\Cache), false)
#7 C:\Users\Lenovo\Desktop\ci4app\public\index.php(37): CodeIgniter\CodeIgniter->run()
#8 C:\Users\Lenovo\Desktop\ci4app\vendor\codeigniter4\framework\system\Commands\Server\rewrite.php(43): require_once('C:\\Users\\Lenovo...')
#9 {main}
CRITICAL - 2022-11-11 23:23:17 --> Call to undefined function renderSection()
#0 C:\Users\Lenovo\Desktop\ci4app\vendor\codeigniter4\framework\system\View\View.php(210): include()
#1 C:\Users\Lenovo\Desktop\ci4app\vendor\codeigniter4\framework\system\View\View.php(213): CodeIgniter\View\View->CodeIgniter\View\{closure}()
#2 C:\Users\Lenovo\Desktop\ci4app\vendor\codeigniter4\framework\system\Common.php(1089): CodeIgniter\View\View->render('layout/template', Array, true)
#3 C:\Users\Lenovo\Desktop\ci4app\app\Controllers\Home.php(12): view('layout/template', Array)
#4 C:\Users\Lenovo\Desktop\ci4app\vendor\codeigniter4\framework\system\CodeIgniter.php(832): App\Controllers\Home->index()
#5 C:\Users\Lenovo\Desktop\ci4app\vendor\codeigniter4\framework\system\CodeIgniter.php(419): CodeIgniter\CodeIgniter->runController(Object(App\Controllers\Home))
#6 C:\Users\Lenovo\Desktop\ci4app\vendor\codeigniter4\framework\system\CodeIgniter.php(326): CodeIgniter\CodeIgniter->handleRequest(NULL, Object(Config\Cache), false)
#7 C:\Users\Lenovo\Desktop\ci4app\public\index.php(37): CodeIgniter\CodeIgniter->run()
#8 C:\Users\Lenovo\Desktop\ci4app\vendor\codeigniter4\framework\system\Commands\Server\rewrite.php(43): require_once('C:\\Users\\Lenovo...')
#9 {main}
CRITICAL - 2022-11-11 23:23:19 --> Call to undefined function renderSection()
#0 C:\Users\Lenovo\Desktop\ci4app\vendor\codeigniter4\framework\system\View\View.php(210): include()
#1 C:\Users\Lenovo\Desktop\ci4app\vendor\codeigniter4\framework\system\View\View.php(213): CodeIgniter\View\View->CodeIgniter\View\{closure}()
#2 C:\Users\Lenovo\Desktop\ci4app\vendor\codeigniter4\framework\system\Common.php(1089): CodeIgniter\View\View->render('layout/template', Array, true)
#3 C:\Users\Lenovo\Desktop\ci4app\app\Controllers\Home.php(12): view('layout/template', Array)
#4 C:\Users\Lenovo\Desktop\ci4app\vendor\codeigniter4\framework\system\CodeIgniter.php(832): App\Controllers\Home->index()
#5 C:\Users\Lenovo\Desktop\ci4app\vendor\codeigniter4\framework\system\CodeIgniter.php(419): CodeIgniter\CodeIgniter->runController(Object(App\Controllers\Home))
#6 C:\Users\Lenovo\Desktop\ci4app\vendor\codeigniter4\framework\system\CodeIgniter.php(326): CodeIgniter\CodeIgniter->handleRequest(NULL, Object(Config\Cache), false)
#7 C:\Users\Lenovo\Desktop\ci4app\public\index.php(37): CodeIgniter\CodeIgniter->run()
#8 C:\Users\Lenovo\Desktop\ci4app\vendor\codeigniter4\framework\system\Commands\Server\rewrite.php(43): require_once('C:\\Users\\Lenovo...')
#9 {main}
CRITICAL - 2022-11-11 23:24:07 --> syntax error, unexpected '?>'
#0 C:\Users\Lenovo\Desktop\ci4app\vendor\codeigniter4\framework\system\View\View.php(213): CodeIgniter\View\View->CodeIgniter\View\{closure}()
#1 C:\Users\Lenovo\Desktop\ci4app\vendor\codeigniter4\framework\system\Common.php(1089): CodeIgniter\View\View->render('layout/template', Array, true)
#2 C:\Users\Lenovo\Desktop\ci4app\app\Controllers\Home.php(12): view('layout/template', Array)
#3 C:\Users\Lenovo\Desktop\ci4app\vendor\codeigniter4\framework\system\CodeIgniter.php(832): App\Controllers\Home->index()
#4 C:\Users\Lenovo\Desktop\ci4app\vendor\codeigniter4\framework\system\CodeIgniter.php(419): CodeIgniter\CodeIgniter->runController(Object(App\Controllers\Home))
#5 C:\Users\Lenovo\Desktop\ci4app\vendor\codeigniter4\framework\system\CodeIgniter.php(326): CodeIgniter\CodeIgniter->handleRequest(NULL, Object(Config\Cache), false)
#6 C:\Users\Lenovo\Desktop\ci4app\public\index.php(37): CodeIgniter\CodeIgniter->run()
#7 C:\Users\Lenovo\Desktop\ci4app\vendor\codeigniter4\framework\system\Commands\Server\rewrite.php(43): require_once('C:\\Users\\Lenovo...')
#8 {main}
