CRITICAL - 2022-11-10 00:04:07 --> Undefined variable: tes
#0 C:\Users\Lenovo\Desktop\ci4app\app\Views\pages\about.php(7): CodeIgniter\Debug\Exceptions->errorHandler(8, 'Undefined varia...', 'C:\\Users\\Lenovo...', 7, Array)
#1 C:\Users\Lenovo\Desktop\ci4app\vendor\codeigniter4\framework\system\View\View.php(210): include('C:\\Users\\Lenovo...')
#2 C:\Users\Lenovo\Desktop\ci4app\vendor\codeigniter4\framework\system\View\View.php(213): CodeIgniter\View\View->CodeIgniter\View\{closure}()
#3 C:\Users\Lenovo\Desktop\ci4app\vendor\codeigniter4\framework\system\Common.php(1089): CodeIgniter\View\View->render('pages/about', Array, true)
#4 C:\Users\Lenovo\Desktop\ci4app\app\Controllers\Pages.php(24): view('pages/about')
#5 C:\Users\Lenovo\Desktop\ci4app\vendor\codeigniter4\framework\system\CodeIgniter.php(832): App\Controllers\Pages->about()
#6 C:\Users\Lenovo\Desktop\ci4app\vendor\codeigniter4\framework\system\CodeIgniter.php(419): CodeIgniter\CodeIgniter->runController(Object(App\Controllers\Pages))
#7 C:\Users\Lenovo\Desktop\ci4app\vendor\codeigniter4\framework\system\CodeIgniter.php(326): CodeIgniter\CodeIgniter->handleRequest(NULL, Object(Config\Cache), false)
#8 C:\Users\Lenovo\Desktop\ci4app\public\index.php(37): CodeIgniter\CodeIgniter->run()
#9 C:\Users\Lenovo\Desktop\ci4app\vendor\codeigniter4\framework\system\Commands\Server\rewrite.php(43): require_once('C:\\Users\\Lenovo...')
#10 {main}
CRITICAL - 2022-11-10 00:07:43 --> syntax error, unexpected '/'
#0 C:\Users\Lenovo\Desktop\ci4app\vendor\codeigniter4\framework\system\View\View.php(213): CodeIgniter\View\View->CodeIgniter\View\{closure}()
#1 C:\Users\Lenovo\Desktop\ci4app\vendor\codeigniter4\framework\system\Common.php(1089): CodeIgniter\View\View->render('pages/about', Array, true)
#2 C:\Users\Lenovo\Desktop\ci4app\app\Controllers\Pages.php(25): view('pages/about', Array)
#3 C:\Users\Lenovo\Desktop\ci4app\vendor\codeigniter4\framework\system\CodeIgniter.php(832): App\Controllers\Pages->about()
#4 C:\Users\Lenovo\Desktop\ci4app\vendor\codeigniter4\framework\system\CodeIgniter.php(419): CodeIgniter\CodeIgniter->runController(Object(App\Controllers\Pages))
#5 C:\Users\Lenovo\Desktop\ci4app\vendor\codeigniter4\framework\system\CodeIgniter.php(326): CodeIgniter\CodeIgniter->handleRequest(NULL, Object(Config\Cache), false)
#6 C:\Users\Lenovo\Desktop\ci4app\public\index.php(37): CodeIgniter\CodeIgniter->run()
#7 C:\Users\Lenovo\Desktop\ci4app\vendor\codeigniter4\framework\system\Commands\Server\rewrite.php(43): require_once('C:\\Users\\Lenovo...')
#8 {main}
