CRITICAL - 2022-11-09 01:24:10 --> Undefined variable: nama
#0 D:\nginx\html\ci4app\app\Controllers\BaseController.php(51): CodeIgniter\Debug\Exceptions->errorHandler(8, 'Undefined varia...', 'D:\\nginx\\html\\c...', 51, Array)
#1 D:\nginx\html\ci4app\vendor\codeigniter4\framework\system\CodeIgniter.php(810): App\Controllers\BaseController->initController(Object(CodeIgniter\HTTP\IncomingRequest), Object(CodeIgniter\HTTP\Response), Object(CodeIgniter\Log\Logger))
#2 D:\nginx\html\ci4app\vendor\codeigniter4\framework\system\CodeIgniter.php(410): CodeIgniter\CodeIgniter->createController()
#3 D:\nginx\html\ci4app\vendor\codeigniter4\framework\system\CodeIgniter.php(326): CodeIgniter\CodeIgniter->handleRequest(NULL, Object(Config\Cache), false)
#4 D:\nginx\html\ci4app\public\index.php(37): CodeIgniter\CodeIgniter->run()
#5 D:\nginx\html\ci4app\vendor\codeigniter4\framework\system\Commands\Server\rewrite.php(43): require_once('D:\\nginx\\html\\c...')
#6 {main}
CRITICAL - 2022-11-09 01:25:31 --> Undefined variable: nama
#0 D:\nginx\html\ci4app\app\Controllers\BaseController.php(51): CodeIgniter\Debug\Exceptions->errorHandler(8, 'Undefined varia...', 'D:\\nginx\\html\\c...', 51, Array)
#1 D:\nginx\html\ci4app\vendor\codeigniter4\framework\system\CodeIgniter.php(810): App\Controllers\BaseController->initController(Object(CodeIgniter\HTTP\IncomingRequest), Object(CodeIgniter\HTTP\Response), Object(CodeIgniter\Log\Logger))
#2 D:\nginx\html\ci4app\vendor\codeigniter4\framework\system\CodeIgniter.php(410): CodeIgniter\CodeIgniter->createController()
#3 D:\nginx\html\ci4app\vendor\codeigniter4\framework\system\CodeIgniter.php(326): CodeIgniter\CodeIgniter->handleRequest(NULL, Object(Config\Cache), false)
#4 D:\nginx\html\ci4app\public\index.php(37): CodeIgniter\CodeIgniter->run()
#5 D:\nginx\html\ci4app\vendor\codeigniter4\framework\system\Commands\Server\rewrite.php(43): require_once('D:\\nginx\\html\\c...')
#6 {main}
CRITICAL - 2022-11-09 01:25:37 --> Undefined variable: nama
#0 D:\nginx\html\ci4app\app\Controllers\BaseController.php(51): CodeIgniter\Debug\Exceptions->errorHandler(8, 'Undefined varia...', 'D:\\nginx\\html\\c...', 51, Array)
#1 D:\nginx\html\ci4app\vendor\codeigniter4\framework\system\CodeIgniter.php(810): App\Controllers\BaseController->initController(Object(CodeIgniter\HTTP\IncomingRequest), Object(CodeIgniter\HTTP\Response), Object(CodeIgniter\Log\Logger))
#2 D:\nginx\html\ci4app\vendor\codeigniter4\framework\system\CodeIgniter.php(410): CodeIgniter\CodeIgniter->createController()
#3 D:\nginx\html\ci4app\vendor\codeigniter4\framework\system\CodeIgniter.php(326): CodeIgniter\CodeIgniter->handleRequest(NULL, Object(Config\Cache), false)
#4 D:\nginx\html\ci4app\public\index.php(37): CodeIgniter\CodeIgniter->run()
#5 D:\nginx\html\ci4app\vendor\codeigniter4\framework\system\Commands\Server\rewrite.php(43): require_once('D:\\nginx\\html\\c...')
#6 {main}
CRITICAL - 2022-11-09 01:53:09 --> syntax error, unexpected 'if' (T_IF)
#0 D:\nginx\html\ci4app\vendor\codeigniter4\framework\system\CodeIgniter.php(368): CodeIgniter\CodeIgniter->tryToRouteIt(NULL)
#1 D:\nginx\html\ci4app\vendor\codeigniter4\framework\system\CodeIgniter.php(326): CodeIgniter\CodeIgniter->handleRequest(NULL, Object(Config\Cache), false)
#2 D:\nginx\html\ci4app\public\index.php(37): CodeIgniter\CodeIgniter->run()
#3 D:\nginx\html\ci4app\vendor\codeigniter4\framework\system\Commands\Server\rewrite.php(43): require_once('D:\\nginx\\html\\c...')
#4 {main}
CRITICAL - 2022-11-09 01:53:18 --> syntax error, unexpected 'if' (T_IF)
#0 D:\nginx\html\ci4app\vendor\codeigniter4\framework\system\CodeIgniter.php(368): CodeIgniter\CodeIgniter->tryToRouteIt(NULL)
#1 D:\nginx\html\ci4app\vendor\codeigniter4\framework\system\CodeIgniter.php(326): CodeIgniter\CodeIgniter->handleRequest(NULL, Object(Config\Cache), false)
#2 D:\nginx\html\ci4app\public\index.php(37): CodeIgniter\CodeIgniter->run()
#3 D:\nginx\html\ci4app\vendor\codeigniter4\framework\system\Commands\Server\rewrite.php(43): require_once('D:\\nginx\\html\\c...')
#4 {main}
CRITICAL - 2022-11-09 01:53:26 --> syntax error, unexpected 'if' (T_IF)
#0 D:\nginx\html\ci4app\vendor\codeigniter4\framework\system\CodeIgniter.php(368): CodeIgniter\CodeIgniter->tryToRouteIt(NULL)
#1 D:\nginx\html\ci4app\vendor\codeigniter4\framework\system\CodeIgniter.php(326): CodeIgniter\CodeIgniter->handleRequest(NULL, Object(Config\Cache), false)
#2 D:\nginx\html\ci4app\public\index.php(37): CodeIgniter\CodeIgniter->run()
#3 D:\nginx\html\ci4app\vendor\codeigniter4\framework\system\Commands\Server\rewrite.php(43): require_once('D:\\nginx\\html\\c...')
#4 {main}
CRITICAL - 2022-11-09 01:54:19 --> Too few arguments to function App\Controllers\Coba::about(), 0 passed in D:\nginx\html\ci4app\vendor\codeigniter4\framework\system\CodeIgniter.php on line 832 and exactly 1 expected
#0 D:\nginx\html\ci4app\vendor\codeigniter4\framework\system\CodeIgniter.php(832): App\Controllers\Coba->about()
#1 D:\nginx\html\ci4app\vendor\codeigniter4\framework\system\CodeIgniter.php(419): CodeIgniter\CodeIgniter->runController(Object(App\Controllers\Coba))
#2 D:\nginx\html\ci4app\vendor\codeigniter4\framework\system\CodeIgniter.php(326): CodeIgniter\CodeIgniter->handleRequest(NULL, Object(Config\Cache), false)
#3 D:\nginx\html\ci4app\public\index.php(37): CodeIgniter\CodeIgniter->run()
#4 D:\nginx\html\ci4app\vendor\codeigniter4\framework\system\Commands\Server\rewrite.php(43): require_once('D:\\nginx\\html\\c...')
#5 {main}
CRITICAL - 2022-11-09 01:54:20 --> Too few arguments to function App\Controllers\Coba::about(), 0 passed in D:\nginx\html\ci4app\vendor\codeigniter4\framework\system\CodeIgniter.php on line 832 and exactly 1 expected
#0 D:\nginx\html\ci4app\vendor\codeigniter4\framework\system\CodeIgniter.php(832): App\Controllers\Coba->about()
#1 D:\nginx\html\ci4app\vendor\codeigniter4\framework\system\CodeIgniter.php(419): CodeIgniter\CodeIgniter->runController(Object(App\Controllers\Coba))
#2 D:\nginx\html\ci4app\vendor\codeigniter4\framework\system\CodeIgniter.php(326): CodeIgniter\CodeIgniter->handleRequest(NULL, Object(Config\Cache), false)
#3 D:\nginx\html\ci4app\public\index.php(37): CodeIgniter\CodeIgniter->run()
#4 D:\nginx\html\ci4app\vendor\codeigniter4\framework\system\Commands\Server\rewrite.php(43): require_once('D:\\nginx\\html\\c...')
#5 {main}
CRITICAL - 2022-11-09 02:12:06 --> Class 'app\Controllers\BaseController' not found
#0 D:\nginx\html\ci4app\vendor\codeigniter4\framework\system\Autoloader\Autoloader.php(264): include_once()
#1 D:\nginx\html\ci4app\vendor\codeigniter4\framework\system\Autoloader\Autoloader.php(241): CodeIgniter\Autoloader\Autoloader->includeFile('D:\\nginx\\html\\c...')
#2 D:\nginx\html\ci4app\vendor\codeigniter4\framework\system\Autoloader\Autoloader.php(219): CodeIgniter\Autoloader\Autoloader->loadInNamespace('App\\Controllers...')
#3 [internal function]: CodeIgniter\Autoloader\Autoloader->loadClass('App\\Controllers...')
#4 [internal function]: spl_autoload_call('App\\Controllers...')
#5 D:\nginx\html\ci4app\vendor\codeigniter4\framework\system\CodeIgniter.php(797): class_exists('\\App\\Controller...', true)
#6 D:\nginx\html\ci4app\vendor\codeigniter4\framework\system\CodeIgniter.php(406): CodeIgniter\CodeIgniter->startController()
#7 D:\nginx\html\ci4app\vendor\codeigniter4\framework\system\CodeIgniter.php(326): CodeIgniter\CodeIgniter->handleRequest(NULL, Object(Config\Cache), false)
#8 D:\nginx\html\ci4app\public\index.php(37): CodeIgniter\CodeIgniter->run()
#9 D:\nginx\html\ci4app\vendor\codeigniter4\framework\system\Commands\Server\rewrite.php(43): require_once('D:\\nginx\\html\\c...')
#10 {main}
CRITICAL - 2022-11-09 02:16:31 --> Class 'app\Controllers\BaseController' not found
#0 D:\nginx\html\ci4app\vendor\codeigniter4\framework\system\Autoloader\Autoloader.php(264): include_once()
#1 D:\nginx\html\ci4app\vendor\codeigniter4\framework\system\Autoloader\Autoloader.php(241): CodeIgniter\Autoloader\Autoloader->includeFile('D:\\nginx\\html\\c...')
#2 D:\nginx\html\ci4app\vendor\codeigniter4\framework\system\Autoloader\Autoloader.php(219): CodeIgniter\Autoloader\Autoloader->loadInNamespace('App\\Controllers...')
#3 [internal function]: CodeIgniter\Autoloader\Autoloader->loadClass('App\\Controllers...')
#4 [internal function]: spl_autoload_call('App\\Controllers...')
#5 D:\nginx\html\ci4app\vendor\codeigniter4\framework\system\CodeIgniter.php(797): class_exists('\\App\\Controller...', true)
#6 D:\nginx\html\ci4app\vendor\codeigniter4\framework\system\CodeIgniter.php(406): CodeIgniter\CodeIgniter->startController()
#7 D:\nginx\html\ci4app\vendor\codeigniter4\framework\system\CodeIgniter.php(326): CodeIgniter\CodeIgniter->handleRequest(NULL, Object(Config\Cache), false)
#8 D:\nginx\html\ci4app\public\index.php(37): CodeIgniter\CodeIgniter->run()
#9 D:\nginx\html\ci4app\vendor\codeigniter4\framework\system\Commands\Server\rewrite.php(43): require_once('D:\\nginx\\html\\c...')
#10 {main}
CRITICAL - 2022-11-09 02:20:42 --> Class 'app\Controllers\BaseController' not found
#0 D:\nginx\html\ci4app\vendor\codeigniter4\framework\system\Autoloader\Autoloader.php(264): include_once()
#1 D:\nginx\html\ci4app\vendor\codeigniter4\framework\system\Autoloader\Autoloader.php(241): CodeIgniter\Autoloader\Autoloader->includeFile('D:\\nginx\\html\\c...')
#2 D:\nginx\html\ci4app\vendor\codeigniter4\framework\system\Autoloader\Autoloader.php(219): CodeIgniter\Autoloader\Autoloader->loadInNamespace('App\\Controllers...')
#3 [internal function]: CodeIgniter\Autoloader\Autoloader->loadClass('App\\Controllers...')
#4 [internal function]: spl_autoload_call('App\\Controllers...')
#5 D:\nginx\html\ci4app\vendor\codeigniter4\framework\system\CodeIgniter.php(797): class_exists('\\App\\Controller...', true)
#6 D:\nginx\html\ci4app\vendor\codeigniter4\framework\system\CodeIgniter.php(406): CodeIgniter\CodeIgniter->startController()
#7 D:\nginx\html\ci4app\vendor\codeigniter4\framework\system\CodeIgniter.php(326): CodeIgniter\CodeIgniter->handleRequest(NULL, Object(Config\Cache), false)
#8 D:\nginx\html\ci4app\public\index.php(37): CodeIgniter\CodeIgniter->run()
#9 D:\nginx\html\ci4app\vendor\codeigniter4\framework\system\Commands\Server\rewrite.php(43): require_once('D:\\nginx\\html\\c...')
#10 {main}
CRITICAL - 2022-11-09 02:20:43 --> Class 'app\Controllers\BaseController' not found
#0 D:\nginx\html\ci4app\vendor\codeigniter4\framework\system\Autoloader\Autoloader.php(264): include_once()
#1 D:\nginx\html\ci4app\vendor\codeigniter4\framework\system\Autoloader\Autoloader.php(241): CodeIgniter\Autoloader\Autoloader->includeFile('D:\\nginx\\html\\c...')
#2 D:\nginx\html\ci4app\vendor\codeigniter4\framework\system\Autoloader\Autoloader.php(219): CodeIgniter\Autoloader\Autoloader->loadInNamespace('App\\Controllers...')
#3 [internal function]: CodeIgniter\Autoloader\Autoloader->loadClass('App\\Controllers...')
#4 [internal function]: spl_autoload_call('App\\Controllers...')
#5 D:\nginx\html\ci4app\vendor\codeigniter4\framework\system\CodeIgniter.php(797): class_exists('\\App\\Controller...', true)
#6 D:\nginx\html\ci4app\vendor\codeigniter4\framework\system\CodeIgniter.php(406): CodeIgniter\CodeIgniter->startController()
#7 D:\nginx\html\ci4app\vendor\codeigniter4\framework\system\CodeIgniter.php(326): CodeIgniter\CodeIgniter->handleRequest(NULL, Object(Config\Cache), false)
#8 D:\nginx\html\ci4app\public\index.php(37): CodeIgniter\CodeIgniter->run()
#9 D:\nginx\html\ci4app\vendor\codeigniter4\framework\system\Commands\Server\rewrite.php(43): require_once('D:\\nginx\\html\\c...')
#10 {main}
CRITICAL - 2022-11-09 02:20:44 --> Class 'app\Controllers\BaseController' not found
#0 D:\nginx\html\ci4app\vendor\codeigniter4\framework\system\Autoloader\Autoloader.php(264): include_once()
#1 D:\nginx\html\ci4app\vendor\codeigniter4\framework\system\Autoloader\Autoloader.php(241): CodeIgniter\Autoloader\Autoloader->includeFile('D:\\nginx\\html\\c...')
#2 D:\nginx\html\ci4app\vendor\codeigniter4\framework\system\Autoloader\Autoloader.php(219): CodeIgniter\Autoloader\Autoloader->loadInNamespace('App\\Controllers...')
#3 [internal function]: CodeIgniter\Autoloader\Autoloader->loadClass('App\\Controllers...')
#4 [internal function]: spl_autoload_call('App\\Controllers...')
#5 D:\nginx\html\ci4app\vendor\codeigniter4\framework\system\CodeIgniter.php(797): class_exists('\\App\\Controller...', true)
#6 D:\nginx\html\ci4app\vendor\codeigniter4\framework\system\CodeIgniter.php(406): CodeIgniter\CodeIgniter->startController()
#7 D:\nginx\html\ci4app\vendor\codeigniter4\framework\system\CodeIgniter.php(326): CodeIgniter\CodeIgniter->handleRequest(NULL, Object(Config\Cache), false)
#8 D:\nginx\html\ci4app\public\index.php(37): CodeIgniter\CodeIgniter->run()
#9 D:\nginx\html\ci4app\vendor\codeigniter4\framework\system\Commands\Server\rewrite.php(43): require_once('D:\\nginx\\html\\c...')
#10 {main}
CRITICAL - 2022-11-09 02:27:28 --> syntax error, unexpected '/', expecting ',' or ';'
#0 D:\nginx\html\ci4app\vendor\codeigniter4\framework\system\Autoloader\Autoloader.php(241): CodeIgniter\Autoloader\Autoloader->includeFile('D:\\nginx\\html\\c...')
#1 D:\nginx\html\ci4app\vendor\codeigniter4\framework\system\Autoloader\Autoloader.php(219): CodeIgniter\Autoloader\Autoloader->loadInNamespace('App\\Controllers...')
#2 [internal function]: CodeIgniter\Autoloader\Autoloader->loadClass('App\\Controllers...')
#3 [internal function]: spl_autoload_call('App\\Controllers...')
#4 D:\nginx\html\ci4app\vendor\codeigniter4\framework\system\CodeIgniter.php(797): class_exists('\\App\\Controller...', true)
#5 D:\nginx\html\ci4app\vendor\codeigniter4\framework\system\CodeIgniter.php(406): CodeIgniter\CodeIgniter->startController()
#6 D:\nginx\html\ci4app\vendor\codeigniter4\framework\system\CodeIgniter.php(326): CodeIgniter\CodeIgniter->handleRequest(NULL, Object(Config\Cache), false)
#7 D:\nginx\html\ci4app\public\index.php(37): CodeIgniter\CodeIgniter->run()
#8 D:\nginx\html\ci4app\vendor\codeigniter4\framework\system\Commands\Server\rewrite.php(43): require_once('D:\\nginx\\html\\c...')
#9 {main}
CRITICAL - 2022-11-09 09:41:08 --> syntax error, unexpected '1' (T_LNUMBER), expecting variable (T_VARIABLE) or '{' or '$'
#0 C:\Users\Lenovo\Desktop\ci4app\vendor\codeigniter4\framework\system\CodeIgniter.php(368): CodeIgniter\CodeIgniter->tryToRouteIt(NULL)
#1 C:\Users\Lenovo\Desktop\ci4app\vendor\codeigniter4\framework\system\CodeIgniter.php(326): CodeIgniter\CodeIgniter->handleRequest(NULL, Object(Config\Cache), false)
#2 C:\Users\Lenovo\Desktop\ci4app\public\index.php(37): CodeIgniter\CodeIgniter->run()
#3 C:\Users\Lenovo\Desktop\ci4app\vendor\codeigniter4\framework\system\Commands\Server\rewrite.php(43): require_once('C:\\Users\\Lenovo...')
#4 {main}
CRITICAL - 2022-11-09 09:50:54 --> syntax error, unexpected '}', expecting ',' or ';'
#0 C:\Users\Lenovo\Desktop\ci4app\vendor\codeigniter4\framework\system\Autoloader\Autoloader.php(241): CodeIgniter\Autoloader\Autoloader->includeFile('C:\\Users\\Lenovo...')
#1 C:\Users\Lenovo\Desktop\ci4app\vendor\codeigniter4\framework\system\Autoloader\Autoloader.php(219): CodeIgniter\Autoloader\Autoloader->loadInNamespace('App\\Controllers...')
#2 [internal function]: CodeIgniter\Autoloader\Autoloader->loadClass('App\\Controllers...')
#3 [internal function]: spl_autoload_call('App\\Controllers...')
#4 C:\Users\Lenovo\Desktop\ci4app\vendor\codeigniter4\framework\system\CodeIgniter.php(797): class_exists('\\App\\Controller...', true)
#5 C:\Users\Lenovo\Desktop\ci4app\vendor\codeigniter4\framework\system\CodeIgniter.php(406): CodeIgniter\CodeIgniter->startController()
#6 C:\Users\Lenovo\Desktop\ci4app\vendor\codeigniter4\framework\system\CodeIgniter.php(326): CodeIgniter\CodeIgniter->handleRequest(NULL, Object(Config\Cache), false)
#7 C:\Users\Lenovo\Desktop\ci4app\public\index.php(37): CodeIgniter\CodeIgniter->run()
#8 C:\Users\Lenovo\Desktop\ci4app\vendor\codeigniter4\framework\system\Commands\Server\rewrite.php(43): require_once('C:\\Users\\Lenovo...')
#9 {main}
CRITICAL - 2022-11-09 21:55:17 --> syntax error, unexpected 'echo' (T_ECHO)
#0 C:\Users\Lenovo\Desktop\ci4app\vendor\codeigniter4\framework\system\Router\Router.php(175): CodeIgniter\Router\Router->autoRoute('pages/about')
#1 C:\Users\Lenovo\Desktop\ci4app\vendor\codeigniter4\framework\system\CodeIgniter.php(726): CodeIgniter\Router\Router->handle('pages/about')
#2 C:\Users\Lenovo\Desktop\ci4app\vendor\codeigniter4\framework\system\CodeIgniter.php(368): CodeIgniter\CodeIgniter->tryToRouteIt(Object(CodeIgniter\Router\RouteCollection))
#3 C:\Users\Lenovo\Desktop\ci4app\vendor\codeigniter4\framework\system\CodeIgniter.php(326): CodeIgniter\CodeIgniter->handleRequest(NULL, Object(Config\Cache), false)
#4 C:\Users\Lenovo\Desktop\ci4app\public\index.php(37): CodeIgniter\CodeIgniter->run()
#5 C:\Users\Lenovo\Desktop\ci4app\vendor\codeigniter4\framework\system\Commands\Server\rewrite.php(43): require_once('C:\\Users\\Lenovo...')
#6 {main}
CRITICAL - 2022-11-09 21:58:08 --> Use of undefined constant title - assumed 'title' (this will throw an Error in a future version of PHP)
#0 C:\Users\Lenovo\Desktop\ci4app\app\Views\layout\header.php(12): CodeIgniter\Debug\Exceptions->errorHandler(2, 'Use of undefine...', 'C:\\Users\\Lenovo...', 12, Array)
#1 C:\Users\Lenovo\Desktop\ci4app\vendor\codeigniter4\framework\system\View\View.php(210): include('C:\\Users\\Lenovo...')
#2 C:\Users\Lenovo\Desktop\ci4app\vendor\codeigniter4\framework\system\View\View.php(213): CodeIgniter\View\View->CodeIgniter\View\{closure}()
#3 C:\Users\Lenovo\Desktop\ci4app\vendor\codeigniter4\framework\system\Common.php(1089): CodeIgniter\View\View->render('layout/header', Array, true)
#4 C:\Users\Lenovo\Desktop\ci4app\app\Controllers\Pages.php(22): view('layout/header', Array)
#5 C:\Users\Lenovo\Desktop\ci4app\vendor\codeigniter4\framework\system\CodeIgniter.php(832): App\Controllers\Pages->about()
#6 C:\Users\Lenovo\Desktop\ci4app\vendor\codeigniter4\framework\system\CodeIgniter.php(419): CodeIgniter\CodeIgniter->runController(Object(App\Controllers\Pages))
#7 C:\Users\Lenovo\Desktop\ci4app\vendor\codeigniter4\framework\system\CodeIgniter.php(326): CodeIgniter\CodeIgniter->handleRequest(NULL, Object(Config\Cache), false)
#8 C:\Users\Lenovo\Desktop\ci4app\public\index.php(37): CodeIgniter\CodeIgniter->run()
#9 C:\Users\Lenovo\Desktop\ci4app\vendor\codeigniter4\framework\system\Commands\Server\rewrite.php(43): require_once('C:\\Users\\Lenovo...')
#10 {main}
CRITICAL - 2022-11-09 22:06:12 --> Undefined variable: tes
#0 C:\Users\Lenovo\Desktop\ci4app\app\Views\pages\about.php(4): CodeIgniter\Debug\Exceptions->errorHandler(8, 'Undefined varia...', 'C:\\Users\\Lenovo...', 4, Array)
#1 C:\Users\Lenovo\Desktop\ci4app\vendor\codeigniter4\framework\system\View\View.php(210): include('C:\\Users\\Lenovo...')
#2 C:\Users\Lenovo\Desktop\ci4app\vendor\codeigniter4\framework\system\View\View.php(213): CodeIgniter\View\View->CodeIgniter\View\{closure}()
#3 C:\Users\Lenovo\Desktop\ci4app\vendor\codeigniter4\framework\system\Common.php(1089): CodeIgniter\View\View->render('pages/about', Array, true)
#4 C:\Users\Lenovo\Desktop\ci4app\app\Controllers\Pages.php(24): view('pages/about')
#5 C:\Users\Lenovo\Desktop\ci4app\vendor\codeigniter4\framework\system\CodeIgniter.php(832): App\Controllers\Pages->about()
#6 C:\Users\Lenovo\Desktop\ci4app\vendor\codeigniter4\framework\system\CodeIgniter.php(419): CodeIgniter\CodeIgniter->runController(Object(App\Controllers\Pages))
#7 C:\Users\Lenovo\Desktop\ci4app\vendor\codeigniter4\framework\system\CodeIgniter.php(326): CodeIgniter\CodeIgniter->handleRequest(NULL, Object(Config\Cache), false)
#8 C:\Users\Lenovo\Desktop\ci4app\public\index.php(37): CodeIgniter\CodeIgniter->run()
#9 C:\Users\Lenovo\Desktop\ci4app\vendor\codeigniter4\framework\system\Commands\Server\rewrite.php(43): require_once('C:\\Users\\Lenovo...')
#10 {main}
CRITICAL - 2022-11-09 22:07:35 --> Undefined variable: tes
#0 C:\Users\Lenovo\Desktop\ci4app\app\Views\pages\about.php(4): CodeIgniter\Debug\Exceptions->errorHandler(8, 'Undefined varia...', 'C:\\Users\\Lenovo...', 4, Array)
#1 C:\Users\Lenovo\Desktop\ci4app\vendor\codeigniter4\framework\system\View\View.php(210): include('C:\\Users\\Lenovo...')
#2 C:\Users\Lenovo\Desktop\ci4app\vendor\codeigniter4\framework\system\View\View.php(213): CodeIgniter\View\View->CodeIgniter\View\{closure}()
#3 C:\Users\Lenovo\Desktop\ci4app\vendor\codeigniter4\framework\system\Common.php(1089): CodeIgniter\View\View->render('pages/about', Array, true)
#4 C:\Users\Lenovo\Desktop\ci4app\app\Controllers\Pages.php(24): view('pages/about')
#5 C:\Users\Lenovo\Desktop\ci4app\vendor\codeigniter4\framework\system\CodeIgniter.php(832): App\Controllers\Pages->about()
#6 C:\Users\Lenovo\Desktop\ci4app\vendor\codeigniter4\framework\system\CodeIgniter.php(419): CodeIgniter\CodeIgniter->runController(Object(App\Controllers\Pages))
#7 C:\Users\Lenovo\Desktop\ci4app\vendor\codeigniter4\framework\system\CodeIgniter.php(326): CodeIgniter\CodeIgniter->handleRequest(NULL, Object(Config\Cache), false)
#8 C:\Users\Lenovo\Desktop\ci4app\public\index.php(37): CodeIgniter\CodeIgniter->run()
#9 C:\Users\Lenovo\Desktop\ci4app\vendor\codeigniter4\framework\system\Commands\Server\rewrite.php(43): require_once('C:\\Users\\Lenovo...')
#10 {main}
CRITICAL - 2022-11-09 22:07:36 --> Undefined variable: tes
#0 C:\Users\Lenovo\Desktop\ci4app\app\Views\pages\about.php(4): CodeIgniter\Debug\Exceptions->errorHandler(8, 'Undefined varia...', 'C:\\Users\\Lenovo...', 4, Array)
#1 C:\Users\Lenovo\Desktop\ci4app\vendor\codeigniter4\framework\system\View\View.php(210): include('C:\\Users\\Lenovo...')
#2 C:\Users\Lenovo\Desktop\ci4app\vendor\codeigniter4\framework\system\View\View.php(213): CodeIgniter\View\View->CodeIgniter\View\{closure}()
#3 C:\Users\Lenovo\Desktop\ci4app\vendor\codeigniter4\framework\system\Common.php(1089): CodeIgniter\View\View->render('pages/about', Array, true)
#4 C:\Users\Lenovo\Desktop\ci4app\app\Controllers\Pages.php(24): view('pages/about')
#5 C:\Users\Lenovo\Desktop\ci4app\vendor\codeigniter4\framework\system\CodeIgniter.php(832): App\Controllers\Pages->about()
#6 C:\Users\Lenovo\Desktop\ci4app\vendor\codeigniter4\framework\system\CodeIgniter.php(419): CodeIgniter\CodeIgniter->runController(Object(App\Controllers\Pages))
#7 C:\Users\Lenovo\Desktop\ci4app\vendor\codeigniter4\framework\system\CodeIgniter.php(326): CodeIgniter\CodeIgniter->handleRequest(NULL, Object(Config\Cache), false)
#8 C:\Users\Lenovo\Desktop\ci4app\public\index.php(37): CodeIgniter\CodeIgniter->run()
#9 C:\Users\Lenovo\Desktop\ci4app\vendor\codeigniter4\framework\system\Commands\Server\rewrite.php(43): require_once('C:\\Users\\Lenovo...')
#10 {main}
CRITICAL - 2022-11-09 22:07:37 --> Undefined variable: tes
#0 C:\Users\Lenovo\Desktop\ci4app\app\Views\pages\about.php(4): CodeIgniter\Debug\Exceptions->errorHandler(8, 'Undefined varia...', 'C:\\Users\\Lenovo...', 4, Array)
#1 C:\Users\Lenovo\Desktop\ci4app\vendor\codeigniter4\framework\system\View\View.php(210): include('C:\\Users\\Lenovo...')
#2 C:\Users\Lenovo\Desktop\ci4app\vendor\codeigniter4\framework\system\View\View.php(213): CodeIgniter\View\View->CodeIgniter\View\{closure}()
#3 C:\Users\Lenovo\Desktop\ci4app\vendor\codeigniter4\framework\system\Common.php(1089): CodeIgniter\View\View->render('pages/about', Array, true)
#4 C:\Users\Lenovo\Desktop\ci4app\app\Controllers\Pages.php(24): view('pages/about')
#5 C:\Users\Lenovo\Desktop\ci4app\vendor\codeigniter4\framework\system\CodeIgniter.php(832): App\Controllers\Pages->about()
#6 C:\Users\Lenovo\Desktop\ci4app\vendor\codeigniter4\framework\system\CodeIgniter.php(419): CodeIgniter\CodeIgniter->runController(Object(App\Controllers\Pages))
#7 C:\Users\Lenovo\Desktop\ci4app\vendor\codeigniter4\framework\system\CodeIgniter.php(326): CodeIgniter\CodeIgniter->handleRequest(NULL, Object(Config\Cache), false)
#8 C:\Users\Lenovo\Desktop\ci4app\public\index.php(37): CodeIgniter\CodeIgniter->run()
#9 C:\Users\Lenovo\Desktop\ci4app\vendor\codeigniter4\framework\system\Commands\Server\rewrite.php(43): require_once('C:\\Users\\Lenovo...')
#10 {main}
CRITICAL - 2022-11-09 22:07:38 --> Undefined variable: tes
#0 C:\Users\Lenovo\Desktop\ci4app\app\Views\pages\about.php(4): CodeIgniter\Debug\Exceptions->errorHandler(8, 'Undefined varia...', 'C:\\Users\\Lenovo...', 4, Array)
#1 C:\Users\Lenovo\Desktop\ci4app\vendor\codeigniter4\framework\system\View\View.php(210): include('C:\\Users\\Lenovo...')
#2 C:\Users\Lenovo\Desktop\ci4app\vendor\codeigniter4\framework\system\View\View.php(213): CodeIgniter\View\View->CodeIgniter\View\{closure}()
#3 C:\Users\Lenovo\Desktop\ci4app\vendor\codeigniter4\framework\system\Common.php(1089): CodeIgniter\View\View->render('pages/about', Array, true)
#4 C:\Users\Lenovo\Desktop\ci4app\app\Controllers\Pages.php(24): view('pages/about')
#5 C:\Users\Lenovo\Desktop\ci4app\vendor\codeigniter4\framework\system\CodeIgniter.php(832): App\Controllers\Pages->about()
#6 C:\Users\Lenovo\Desktop\ci4app\vendor\codeigniter4\framework\system\CodeIgniter.php(419): CodeIgniter\CodeIgniter->runController(Object(App\Controllers\Pages))
#7 C:\Users\Lenovo\Desktop\ci4app\vendor\codeigniter4\framework\system\CodeIgniter.php(326): CodeIgniter\CodeIgniter->handleRequest(NULL, Object(Config\Cache), false)
#8 C:\Users\Lenovo\Desktop\ci4app\public\index.php(37): CodeIgniter\CodeIgniter->run()
#9 C:\Users\Lenovo\Desktop\ci4app\vendor\codeigniter4\framework\system\Commands\Server\rewrite.php(43): require_once('C:\\Users\\Lenovo...')
#10 {main}
CRITICAL - 2022-11-09 22:08:33 --> Undefined variable: tes
#0 C:\Users\Lenovo\Desktop\ci4app\app\Views\pages\about.php(4): CodeIgniter\Debug\Exceptions->errorHandler(8, 'Undefined varia...', 'C:\\Users\\Lenovo...', 4, Array)
#1 C:\Users\Lenovo\Desktop\ci4app\vendor\codeigniter4\framework\system\View\View.php(210): include('C:\\Users\\Lenovo...')
#2 C:\Users\Lenovo\Desktop\ci4app\vendor\codeigniter4\framework\system\View\View.php(213): CodeIgniter\View\View->CodeIgniter\View\{closure}()
#3 C:\Users\Lenovo\Desktop\ci4app\vendor\codeigniter4\framework\system\Common.php(1089): CodeIgniter\View\View->render('pages/about', Array, true)
#4 C:\Users\Lenovo\Desktop\ci4app\app\Controllers\Pages.php(24): view('pages/about')
#5 C:\Users\Lenovo\Desktop\ci4app\vendor\codeigniter4\framework\system\CodeIgniter.php(832): App\Controllers\Pages->about()
#6 C:\Users\Lenovo\Desktop\ci4app\vendor\codeigniter4\framework\system\CodeIgniter.php(419): CodeIgniter\CodeIgniter->runController(Object(App\Controllers\Pages))
#7 C:\Users\Lenovo\Desktop\ci4app\vendor\codeigniter4\framework\system\CodeIgniter.php(326): CodeIgniter\CodeIgniter->handleRequest(NULL, Object(Config\Cache), false)
#8 C:\Users\Lenovo\Desktop\ci4app\public\index.php(37): CodeIgniter\CodeIgniter->run()
#9 C:\Users\Lenovo\Desktop\ci4app\vendor\codeigniter4\framework\system\Commands\Server\rewrite.php(43): require_once('C:\\Users\\Lenovo...')
#10 {main}
CRITICAL - 2022-11-09 22:08:35 --> Undefined variable: tes
#0 C:\Users\Lenovo\Desktop\ci4app\app\Views\pages\about.php(4): CodeIgniter\Debug\Exceptions->errorHandler(8, 'Undefined varia...', 'C:\\Users\\Lenovo...', 4, Array)
#1 C:\Users\Lenovo\Desktop\ci4app\vendor\codeigniter4\framework\system\View\View.php(210): include('C:\\Users\\Lenovo...')
#2 C:\Users\Lenovo\Desktop\ci4app\vendor\codeigniter4\framework\system\View\View.php(213): CodeIgniter\View\View->CodeIgniter\View\{closure}()
#3 C:\Users\Lenovo\Desktop\ci4app\vendor\codeigniter4\framework\system\Common.php(1089): CodeIgniter\View\View->render('pages/about', Array, true)
#4 C:\Users\Lenovo\Desktop\ci4app\app\Controllers\Pages.php(24): view('pages/about')
#5 C:\Users\Lenovo\Desktop\ci4app\vendor\codeigniter4\framework\system\CodeIgniter.php(832): App\Controllers\Pages->about()
#6 C:\Users\Lenovo\Desktop\ci4app\vendor\codeigniter4\framework\system\CodeIgniter.php(419): CodeIgniter\CodeIgniter->runController(Object(App\Controllers\Pages))
#7 C:\Users\Lenovo\Desktop\ci4app\vendor\codeigniter4\framework\system\CodeIgniter.php(326): CodeIgniter\CodeIgniter->handleRequest(NULL, Object(Config\Cache), false)
#8 C:\Users\Lenovo\Desktop\ci4app\public\index.php(37): CodeIgniter\CodeIgniter->run()
#9 C:\Users\Lenovo\Desktop\ci4app\vendor\codeigniter4\framework\system\Commands\Server\rewrite.php(43): require_once('C:\\Users\\Lenovo...')
#10 {main}
CRITICAL - 2022-11-09 22:08:36 --> Undefined variable: tes
#0 C:\Users\Lenovo\Desktop\ci4app\app\Views\pages\about.php(4): CodeIgniter\Debug\Exceptions->errorHandler(8, 'Undefined varia...', 'C:\\Users\\Lenovo...', 4, Array)
#1 C:\Users\Lenovo\Desktop\ci4app\vendor\codeigniter4\framework\system\View\View.php(210): include('C:\\Users\\Lenovo...')
#2 C:\Users\Lenovo\Desktop\ci4app\vendor\codeigniter4\framework\system\View\View.php(213): CodeIgniter\View\View->CodeIgniter\View\{closure}()
#3 C:\Users\Lenovo\Desktop\ci4app\vendor\codeigniter4\framework\system\Common.php(1089): CodeIgniter\View\View->render('pages/about', Array, true)
#4 C:\Users\Lenovo\Desktop\ci4app\app\Controllers\Pages.php(24): view('pages/about')
#5 C:\Users\Lenovo\Desktop\ci4app\vendor\codeigniter4\framework\system\CodeIgniter.php(832): App\Controllers\Pages->about()
#6 C:\Users\Lenovo\Desktop\ci4app\vendor\codeigniter4\framework\system\CodeIgniter.php(419): CodeIgniter\CodeIgniter->runController(Object(App\Controllers\Pages))
#7 C:\Users\Lenovo\Desktop\ci4app\vendor\codeigniter4\framework\system\CodeIgniter.php(326): CodeIgniter\CodeIgniter->handleRequest(NULL, Object(Config\Cache), false)
#8 C:\Users\Lenovo\Desktop\ci4app\public\index.php(37): CodeIgniter\CodeIgniter->run()
#9 C:\Users\Lenovo\Desktop\ci4app\vendor\codeigniter4\framework\system\Commands\Server\rewrite.php(43): require_once('C:\\Users\\Lenovo...')
#10 {main}
CRITICAL - 2022-11-09 22:08:36 --> Undefined variable: tes
#0 C:\Users\Lenovo\Desktop\ci4app\app\Views\pages\about.php(4): CodeIgniter\Debug\Exceptions->errorHandler(8, 'Undefined varia...', 'C:\\Users\\Lenovo...', 4, Array)
#1 C:\Users\Lenovo\Desktop\ci4app\vendor\codeigniter4\framework\system\View\View.php(210): include('C:\\Users\\Lenovo...')
#2 C:\Users\Lenovo\Desktop\ci4app\vendor\codeigniter4\framework\system\View\View.php(213): CodeIgniter\View\View->CodeIgniter\View\{closure}()
#3 C:\Users\Lenovo\Desktop\ci4app\vendor\codeigniter4\framework\system\Common.php(1089): CodeIgniter\View\View->render('pages/about', Array, true)
#4 C:\Users\Lenovo\Desktop\ci4app\app\Controllers\Pages.php(24): view('pages/about')
#5 C:\Users\Lenovo\Desktop\ci4app\vendor\codeigniter4\framework\system\CodeIgniter.php(832): App\Controllers\Pages->about()
#6 C:\Users\Lenovo\Desktop\ci4app\vendor\codeigniter4\framework\system\CodeIgniter.php(419): CodeIgniter\CodeIgniter->runController(Object(App\Controllers\Pages))
#7 C:\Users\Lenovo\Desktop\ci4app\vendor\codeigniter4\framework\system\CodeIgniter.php(326): CodeIgniter\CodeIgniter->handleRequest(NULL, Object(Config\Cache), false)
#8 C:\Users\Lenovo\Desktop\ci4app\public\index.php(37): CodeIgniter\CodeIgniter->run()
#9 C:\Users\Lenovo\Desktop\ci4app\vendor\codeigniter4\framework\system\Commands\Server\rewrite.php(43): require_once('C:\\Users\\Lenovo...')
#10 {main}
CRITICAL - 2022-11-09 22:08:36 --> Undefined variable: tes
#0 C:\Users\Lenovo\Desktop\ci4app\app\Views\pages\about.php(4): CodeIgniter\Debug\Exceptions->errorHandler(8, 'Undefined varia...', 'C:\\Users\\Lenovo...', 4, Array)
#1 C:\Users\Lenovo\Desktop\ci4app\vendor\codeigniter4\framework\system\View\View.php(210): include('C:\\Users\\Lenovo...')
#2 C:\Users\Lenovo\Desktop\ci4app\vendor\codeigniter4\framework\system\View\View.php(213): CodeIgniter\View\View->CodeIgniter\View\{closure}()
#3 C:\Users\Lenovo\Desktop\ci4app\vendor\codeigniter4\framework\system\Common.php(1089): CodeIgniter\View\View->render('pages/about', Array, true)
#4 C:\Users\Lenovo\Desktop\ci4app\app\Controllers\Pages.php(24): view('pages/about')
#5 C:\Users\Lenovo\Desktop\ci4app\vendor\codeigniter4\framework\system\CodeIgniter.php(832): App\Controllers\Pages->about()
#6 C:\Users\Lenovo\Desktop\ci4app\vendor\codeigniter4\framework\system\CodeIgniter.php(419): CodeIgniter\CodeIgniter->runController(Object(App\Controllers\Pages))
#7 C:\Users\Lenovo\Desktop\ci4app\vendor\codeigniter4\framework\system\CodeIgniter.php(326): CodeIgniter\CodeIgniter->handleRequest(NULL, Object(Config\Cache), false)
#8 C:\Users\Lenovo\Desktop\ci4app\public\index.php(37): CodeIgniter\CodeIgniter->run()
#9 C:\Users\Lenovo\Desktop\ci4app\vendor\codeigniter4\framework\system\Commands\Server\rewrite.php(43): require_once('C:\\Users\\Lenovo...')
#10 {main}
CRITICAL - 2022-11-09 22:08:37 --> Undefined variable: tes
#0 C:\Users\Lenovo\Desktop\ci4app\app\Views\pages\about.php(4): CodeIgniter\Debug\Exceptions->errorHandler(8, 'Undefined varia...', 'C:\\Users\\Lenovo...', 4, Array)
#1 C:\Users\Lenovo\Desktop\ci4app\vendor\codeigniter4\framework\system\View\View.php(210): include('C:\\Users\\Lenovo...')
#2 C:\Users\Lenovo\Desktop\ci4app\vendor\codeigniter4\framework\system\View\View.php(213): CodeIgniter\View\View->CodeIgniter\View\{closure}()
#3 C:\Users\Lenovo\Desktop\ci4app\vendor\codeigniter4\framework\system\Common.php(1089): CodeIgniter\View\View->render('pages/about', Array, true)
#4 C:\Users\Lenovo\Desktop\ci4app\app\Controllers\Pages.php(24): view('pages/about')
#5 C:\Users\Lenovo\Desktop\ci4app\vendor\codeigniter4\framework\system\CodeIgniter.php(832): App\Controllers\Pages->about()
#6 C:\Users\Lenovo\Desktop\ci4app\vendor\codeigniter4\framework\system\CodeIgniter.php(419): CodeIgniter\CodeIgniter->runController(Object(App\Controllers\Pages))
#7 C:\Users\Lenovo\Desktop\ci4app\vendor\codeigniter4\framework\system\CodeIgniter.php(326): CodeIgniter\CodeIgniter->handleRequest(NULL, Object(Config\Cache), false)
#8 C:\Users\Lenovo\Desktop\ci4app\public\index.php(37): CodeIgniter\CodeIgniter->run()
#9 C:\Users\Lenovo\Desktop\ci4app\vendor\codeigniter4\framework\system\Commands\Server\rewrite.php(43): require_once('C:\\Users\\Lenovo...')
#10 {main}
CRITICAL - 2022-11-09 22:08:37 --> Undefined variable: tes
#0 C:\Users\Lenovo\Desktop\ci4app\app\Views\pages\about.php(4): CodeIgniter\Debug\Exceptions->errorHandler(8, 'Undefined varia...', 'C:\\Users\\Lenovo...', 4, Array)
#1 C:\Users\Lenovo\Desktop\ci4app\vendor\codeigniter4\framework\system\View\View.php(210): include('C:\\Users\\Lenovo...')
#2 C:\Users\Lenovo\Desktop\ci4app\vendor\codeigniter4\framework\system\View\View.php(213): CodeIgniter\View\View->CodeIgniter\View\{closure}()
#3 C:\Users\Lenovo\Desktop\ci4app\vendor\codeigniter4\framework\system\Common.php(1089): CodeIgniter\View\View->render('pages/about', Array, true)
#4 C:\Users\Lenovo\Desktop\ci4app\app\Controllers\Pages.php(24): view('pages/about')
#5 C:\Users\Lenovo\Desktop\ci4app\vendor\codeigniter4\framework\system\CodeIgniter.php(832): App\Controllers\Pages->about()
#6 C:\Users\Lenovo\Desktop\ci4app\vendor\codeigniter4\framework\system\CodeIgniter.php(419): CodeIgniter\CodeIgniter->runController(Object(App\Controllers\Pages))
#7 C:\Users\Lenovo\Desktop\ci4app\vendor\codeigniter4\framework\system\CodeIgniter.php(326): CodeIgniter\CodeIgniter->handleRequest(NULL, Object(Config\Cache), false)
#8 C:\Users\Lenovo\Desktop\ci4app\public\index.php(37): CodeIgniter\CodeIgniter->run()
#9 C:\Users\Lenovo\Desktop\ci4app\vendor\codeigniter4\framework\system\Commands\Server\rewrite.php(43): require_once('C:\\Users\\Lenovo...')
#10 {main}
CRITICAL - 2022-11-09 22:08:38 --> Undefined variable: tes
#0 C:\Users\Lenovo\Desktop\ci4app\app\Views\pages\about.php(4): CodeIgniter\Debug\Exceptions->errorHandler(8, 'Undefined varia...', 'C:\\Users\\Lenovo...', 4, Array)
#1 C:\Users\Lenovo\Desktop\ci4app\vendor\codeigniter4\framework\system\View\View.php(210): include('C:\\Users\\Lenovo...')
#2 C:\Users\Lenovo\Desktop\ci4app\vendor\codeigniter4\framework\system\View\View.php(213): CodeIgniter\View\View->CodeIgniter\View\{closure}()
#3 C:\Users\Lenovo\Desktop\ci4app\vendor\codeigniter4\framework\system\Common.php(1089): CodeIgniter\View\View->render('pages/about', Array, true)
#4 C:\Users\Lenovo\Desktop\ci4app\app\Controllers\Pages.php(24): view('pages/about')
#5 C:\Users\Lenovo\Desktop\ci4app\vendor\codeigniter4\framework\system\CodeIgniter.php(832): App\Controllers\Pages->about()
#6 C:\Users\Lenovo\Desktop\ci4app\vendor\codeigniter4\framework\system\CodeIgniter.php(419): CodeIgniter\CodeIgniter->runController(Object(App\Controllers\Pages))
#7 C:\Users\Lenovo\Desktop\ci4app\vendor\codeigniter4\framework\system\CodeIgniter.php(326): CodeIgniter\CodeIgniter->handleRequest(NULL, Object(Config\Cache), false)
#8 C:\Users\Lenovo\Desktop\ci4app\public\index.php(37): CodeIgniter\CodeIgniter->run()
#9 C:\Users\Lenovo\Desktop\ci4app\vendor\codeigniter4\framework\system\Commands\Server\rewrite.php(43): require_once('C:\\Users\\Lenovo...')
#10 {main}
CRITICAL - 2022-11-09 22:08:38 --> Undefined variable: tes
#0 C:\Users\Lenovo\Desktop\ci4app\app\Views\pages\about.php(4): CodeIgniter\Debug\Exceptions->errorHandler(8, 'Undefined varia...', 'C:\\Users\\Lenovo...', 4, Array)
#1 C:\Users\Lenovo\Desktop\ci4app\vendor\codeigniter4\framework\system\View\View.php(210): include('C:\\Users\\Lenovo...')
#2 C:\Users\Lenovo\Desktop\ci4app\vendor\codeigniter4\framework\system\View\View.php(213): CodeIgniter\View\View->CodeIgniter\View\{closure}()
#3 C:\Users\Lenovo\Desktop\ci4app\vendor\codeigniter4\framework\system\Common.php(1089): CodeIgniter\View\View->render('pages/about', Array, true)
#4 C:\Users\Lenovo\Desktop\ci4app\app\Controllers\Pages.php(24): view('pages/about')
#5 C:\Users\Lenovo\Desktop\ci4app\vendor\codeigniter4\framework\system\CodeIgniter.php(832): App\Controllers\Pages->about()
#6 C:\Users\Lenovo\Desktop\ci4app\vendor\codeigniter4\framework\system\CodeIgniter.php(419): CodeIgniter\CodeIgniter->runController(Object(App\Controllers\Pages))
#7 C:\Users\Lenovo\Desktop\ci4app\vendor\codeigniter4\framework\system\CodeIgniter.php(326): CodeIgniter\CodeIgniter->handleRequest(NULL, Object(Config\Cache), false)
#8 C:\Users\Lenovo\Desktop\ci4app\public\index.php(37): CodeIgniter\CodeIgniter->run()
#9 C:\Users\Lenovo\Desktop\ci4app\vendor\codeigniter4\framework\system\Commands\Server\rewrite.php(43): require_once('C:\\Users\\Lenovo...')
#10 {main}
CRITICAL - 2022-11-09 22:08:38 --> Undefined variable: tes
#0 C:\Users\Lenovo\Desktop\ci4app\app\Views\pages\about.php(4): CodeIgniter\Debug\Exceptions->errorHandler(8, 'Undefined varia...', 'C:\\Users\\Lenovo...', 4, Array)
#1 C:\Users\Lenovo\Desktop\ci4app\vendor\codeigniter4\framework\system\View\View.php(210): include('C:\\Users\\Lenovo...')
#2 C:\Users\Lenovo\Desktop\ci4app\vendor\codeigniter4\framework\system\View\View.php(213): CodeIgniter\View\View->CodeIgniter\View\{closure}()
#3 C:\Users\Lenovo\Desktop\ci4app\vendor\codeigniter4\framework\system\Common.php(1089): CodeIgniter\View\View->render('pages/about', Array, true)
#4 C:\Users\Lenovo\Desktop\ci4app\app\Controllers\Pages.php(24): view('pages/about')
#5 C:\Users\Lenovo\Desktop\ci4app\vendor\codeigniter4\framework\system\CodeIgniter.php(832): App\Controllers\Pages->about()
#6 C:\Users\Lenovo\Desktop\ci4app\vendor\codeigniter4\framework\system\CodeIgniter.php(419): CodeIgniter\CodeIgniter->runController(Object(App\Controllers\Pages))
#7 C:\Users\Lenovo\Desktop\ci4app\vendor\codeigniter4\framework\system\CodeIgniter.php(326): CodeIgniter\CodeIgniter->handleRequest(NULL, Object(Config\Cache), false)
#8 C:\Users\Lenovo\Desktop\ci4app\public\index.php(37): CodeIgniter\CodeIgniter->run()
#9 C:\Users\Lenovo\Desktop\ci4app\vendor\codeigniter4\framework\system\Commands\Server\rewrite.php(43): require_once('C:\\Users\\Lenovo...')
#10 {main}
CRITICAL - 2022-11-09 22:11:01 --> Undefined variable: tes
#0 C:\Users\Lenovo\Desktop\ci4app\app\Views\pages\about.php(5): CodeIgniter\Debug\Exceptions->errorHandler(8, 'Undefined varia...', 'C:\\Users\\Lenovo...', 5, Array)
#1 C:\Users\Lenovo\Desktop\ci4app\vendor\codeigniter4\framework\system\View\View.php(210): include('C:\\Users\\Lenovo...')
#2 C:\Users\Lenovo\Desktop\ci4app\vendor\codeigniter4\framework\system\View\View.php(213): CodeIgniter\View\View->CodeIgniter\View\{closure}()
#3 C:\Users\Lenovo\Desktop\ci4app\vendor\codeigniter4\framework\system\Common.php(1089): CodeIgniter\View\View->render('pages/about', Array, true)
#4 C:\Users\Lenovo\Desktop\ci4app\app\Controllers\Pages.php(24): view('pages/about')
#5 C:\Users\Lenovo\Desktop\ci4app\vendor\codeigniter4\framework\system\CodeIgniter.php(832): App\Controllers\Pages->about()
#6 C:\Users\Lenovo\Desktop\ci4app\vendor\codeigniter4\framework\system\CodeIgniter.php(419): CodeIgniter\CodeIgniter->runController(Object(App\Controllers\Pages))
#7 C:\Users\Lenovo\Desktop\ci4app\vendor\codeigniter4\framework\system\CodeIgniter.php(326): CodeIgniter\CodeIgniter->handleRequest(NULL, Object(Config\Cache), false)
#8 C:\Users\Lenovo\Desktop\ci4app\public\index.php(37): CodeIgniter\CodeIgniter->run()
#9 C:\Users\Lenovo\Desktop\ci4app\vendor\codeigniter4\framework\system\Commands\Server\rewrite.php(43): require_once('C:\\Users\\Lenovo...')
#10 {main}
CRITICAL - 2022-11-09 22:11:47 --> Undefined variable: tes
#0 C:\Users\Lenovo\Desktop\ci4app\app\Views\pages\about.php(7): CodeIgniter\Debug\Exceptions->errorHandler(8, 'Undefined varia...', 'C:\\Users\\Lenovo...', 7, Array)
#1 C:\Users\Lenovo\Desktop\ci4app\vendor\codeigniter4\framework\system\View\View.php(210): include('C:\\Users\\Lenovo...')
#2 C:\Users\Lenovo\Desktop\ci4app\vendor\codeigniter4\framework\system\View\View.php(213): CodeIgniter\View\View->CodeIgniter\View\{closure}()
#3 C:\Users\Lenovo\Desktop\ci4app\vendor\codeigniter4\framework\system\Common.php(1089): CodeIgniter\View\View->render('pages/about', Array, true)
#4 C:\Users\Lenovo\Desktop\ci4app\app\Controllers\Pages.php(24): view('pages/about')
#5 C:\Users\Lenovo\Desktop\ci4app\vendor\codeigniter4\framework\system\CodeIgniter.php(832): App\Controllers\Pages->about()
#6 C:\Users\Lenovo\Desktop\ci4app\vendor\codeigniter4\framework\system\CodeIgniter.php(419): CodeIgniter\CodeIgniter->runController(Object(App\Controllers\Pages))
#7 C:\Users\Lenovo\Desktop\ci4app\vendor\codeigniter4\framework\system\CodeIgniter.php(326): CodeIgniter\CodeIgniter->handleRequest(NULL, Object(Config\Cache), false)
#8 C:\Users\Lenovo\Desktop\ci4app\public\index.php(37): CodeIgniter\CodeIgniter->run()
#9 C:\Users\Lenovo\Desktop\ci4app\vendor\codeigniter4\framework\system\Commands\Server\rewrite.php(43): require_once('C:\\Users\\Lenovo...')
#10 {main}
CRITICAL - 2022-11-09 22:11:48 --> Undefined variable: tes
#0 C:\Users\Lenovo\Desktop\ci4app\app\Views\pages\about.php(7): CodeIgniter\Debug\Exceptions->errorHandler(8, 'Undefined varia...', 'C:\\Users\\Lenovo...', 7, Array)
#1 C:\Users\Lenovo\Desktop\ci4app\vendor\codeigniter4\framework\system\View\View.php(210): include('C:\\Users\\Lenovo...')
#2 C:\Users\Lenovo\Desktop\ci4app\vendor\codeigniter4\framework\system\View\View.php(213): CodeIgniter\View\View->CodeIgniter\View\{closure}()
#3 C:\Users\Lenovo\Desktop\ci4app\vendor\codeigniter4\framework\system\Common.php(1089): CodeIgniter\View\View->render('pages/about', Array, true)
#4 C:\Users\Lenovo\Desktop\ci4app\app\Controllers\Pages.php(24): view('pages/about')
#5 C:\Users\Lenovo\Desktop\ci4app\vendor\codeigniter4\framework\system\CodeIgniter.php(832): App\Controllers\Pages->about()
#6 C:\Users\Lenovo\Desktop\ci4app\vendor\codeigniter4\framework\system\CodeIgniter.php(419): CodeIgniter\CodeIgniter->runController(Object(App\Controllers\Pages))
#7 C:\Users\Lenovo\Desktop\ci4app\vendor\codeigniter4\framework\system\CodeIgniter.php(326): CodeIgniter\CodeIgniter->handleRequest(NULL, Object(Config\Cache), false)
#8 C:\Users\Lenovo\Desktop\ci4app\public\index.php(37): CodeIgniter\CodeIgniter->run()
#9 C:\Users\Lenovo\Desktop\ci4app\vendor\codeigniter4\framework\system\Commands\Server\rewrite.php(43): require_once('C:\\Users\\Lenovo...')
#10 {main}
CRITICAL - 2022-11-09 22:11:58 --> Undefined variable: tes
#0 C:\Users\Lenovo\Desktop\ci4app\app\Views\pages\about.php(7): CodeIgniter\Debug\Exceptions->errorHandler(8, 'Undefined varia...', 'C:\\Users\\Lenovo...', 7, Array)
#1 C:\Users\Lenovo\Desktop\ci4app\vendor\codeigniter4\framework\system\View\View.php(210): include('C:\\Users\\Lenovo...')
#2 C:\Users\Lenovo\Desktop\ci4app\vendor\codeigniter4\framework\system\View\View.php(213): CodeIgniter\View\View->CodeIgniter\View\{closure}()
#3 C:\Users\Lenovo\Desktop\ci4app\vendor\codeigniter4\framework\system\Common.php(1089): CodeIgniter\View\View->render('pages/about', Array, true)
#4 C:\Users\Lenovo\Desktop\ci4app\app\Controllers\Pages.php(24): view('pages/about')
#5 C:\Users\Lenovo\Desktop\ci4app\vendor\codeigniter4\framework\system\CodeIgniter.php(832): App\Controllers\Pages->about()
#6 C:\Users\Lenovo\Desktop\ci4app\vendor\codeigniter4\framework\system\CodeIgniter.php(419): CodeIgniter\CodeIgniter->runController(Object(App\Controllers\Pages))
#7 C:\Users\Lenovo\Desktop\ci4app\vendor\codeigniter4\framework\system\CodeIgniter.php(326): CodeIgniter\CodeIgniter->handleRequest(NULL, Object(Config\Cache), false)
#8 C:\Users\Lenovo\Desktop\ci4app\public\index.php(37): CodeIgniter\CodeIgniter->run()
#9 C:\Users\Lenovo\Desktop\ci4app\vendor\codeigniter4\framework\system\Commands\Server\rewrite.php(43): require_once('C:\\Users\\Lenovo...')
#10 {main}
CRITICAL - 2022-11-09 22:12:01 --> Undefined variable: tes
#0 C:\Users\Lenovo\Desktop\ci4app\app\Views\pages\about.php(7): CodeIgniter\Debug\Exceptions->errorHandler(8, 'Undefined varia...', 'C:\\Users\\Lenovo...', 7, Array)
#1 C:\Users\Lenovo\Desktop\ci4app\vendor\codeigniter4\framework\system\View\View.php(210): include('C:\\Users\\Lenovo...')
#2 C:\Users\Lenovo\Desktop\ci4app\vendor\codeigniter4\framework\system\View\View.php(213): CodeIgniter\View\View->CodeIgniter\View\{closure}()
#3 C:\Users\Lenovo\Desktop\ci4app\vendor\codeigniter4\framework\system\Common.php(1089): CodeIgniter\View\View->render('pages/about', Array, true)
#4 C:\Users\Lenovo\Desktop\ci4app\app\Controllers\Pages.php(24): view('pages/about')
#5 C:\Users\Lenovo\Desktop\ci4app\vendor\codeigniter4\framework\system\CodeIgniter.php(832): App\Controllers\Pages->about()
#6 C:\Users\Lenovo\Desktop\ci4app\vendor\codeigniter4\framework\system\CodeIgniter.php(419): CodeIgniter\CodeIgniter->runController(Object(App\Controllers\Pages))
#7 C:\Users\Lenovo\Desktop\ci4app\vendor\codeigniter4\framework\system\CodeIgniter.php(326): CodeIgniter\CodeIgniter->handleRequest(NULL, Object(Config\Cache), false)
#8 C:\Users\Lenovo\Desktop\ci4app\public\index.php(37): CodeIgniter\CodeIgniter->run()
#9 C:\Users\Lenovo\Desktop\ci4app\vendor\codeigniter4\framework\system\Commands\Server\rewrite.php(43): require_once('C:\\Users\\Lenovo...')
#10 {main}
CRITICAL - 2022-11-09 22:12:07 --> Undefined variable: tes
#0 C:\Users\Lenovo\Desktop\ci4app\app\Views\pages\about.php(7): CodeIgniter\Debug\Exceptions->errorHandler(8, 'Undefined varia...', 'C:\\Users\\Lenovo...', 7, Array)
#1 C:\Users\Lenovo\Desktop\ci4app\vendor\codeigniter4\framework\system\View\View.php(210): include('C:\\Users\\Lenovo...')
#2 C:\Users\Lenovo\Desktop\ci4app\vendor\codeigniter4\framework\system\View\View.php(213): CodeIgniter\View\View->CodeIgniter\View\{closure}()
#3 C:\Users\Lenovo\Desktop\ci4app\vendor\codeigniter4\framework\system\Common.php(1089): CodeIgniter\View\View->render('pages/about', Array, true)
#4 C:\Users\Lenovo\Desktop\ci4app\app\Controllers\Pages.php(24): view('pages/about')
#5 C:\Users\Lenovo\Desktop\ci4app\vendor\codeigniter4\framework\system\CodeIgniter.php(832): App\Controllers\Pages->about()
#6 C:\Users\Lenovo\Desktop\ci4app\vendor\codeigniter4\framework\system\CodeIgniter.php(419): CodeIgniter\CodeIgniter->runController(Object(App\Controllers\Pages))
#7 C:\Users\Lenovo\Desktop\ci4app\vendor\codeigniter4\framework\system\CodeIgniter.php(326): CodeIgniter\CodeIgniter->handleRequest(NULL, Object(Config\Cache), false)
#8 C:\Users\Lenovo\Desktop\ci4app\public\index.php(37): CodeIgniter\CodeIgniter->run()
#9 C:\Users\Lenovo\Desktop\ci4app\vendor\codeigniter4\framework\system\Commands\Server\rewrite.php(43): require_once('C:\\Users\\Lenovo...')
#10 {main}
CRITICAL - 2022-11-09 23:53:35 --> Undefined variable: tes
#0 C:\Users\Lenovo\Desktop\ci4app\app\Views\pages\about.php(7): CodeIgniter\Debug\Exceptions->errorHandler(8, 'Undefined varia...', 'C:\\Users\\Lenovo...', 7, Array)
#1 C:\Users\Lenovo\Desktop\ci4app\vendor\codeigniter4\framework\system\View\View.php(210): include('C:\\Users\\Lenovo...')
#2 C:\Users\Lenovo\Desktop\ci4app\vendor\codeigniter4\framework\system\View\View.php(213): CodeIgniter\View\View->CodeIgniter\View\{closure}()
#3 C:\Users\Lenovo\Desktop\ci4app\vendor\codeigniter4\framework\system\Common.php(1089): CodeIgniter\View\View->render('pages/about', Array, true)
#4 C:\Users\Lenovo\Desktop\ci4app\app\Controllers\Pages.php(24): view('pages/about')
#5 C:\Users\Lenovo\Desktop\ci4app\vendor\codeigniter4\framework\system\CodeIgniter.php(832): App\Controllers\Pages->about()
#6 C:\Users\Lenovo\Desktop\ci4app\vendor\codeigniter4\framework\system\CodeIgniter.php(419): CodeIgniter\CodeIgniter->runController(Object(App\Controllers\Pages))
#7 C:\Users\Lenovo\Desktop\ci4app\vendor\codeigniter4\framework\system\CodeIgniter.php(326): CodeIgniter\CodeIgniter->handleRequest(NULL, Object(Config\Cache), false)
#8 C:\Users\Lenovo\Desktop\ci4app\public\index.php(37): CodeIgniter\CodeIgniter->run()
#9 C:\Users\Lenovo\Desktop\ci4app\vendor\codeigniter4\framework\system\Commands\Server\rewrite.php(43): require_once('C:\\Users\\Lenovo...')
#10 {main}
CRITICAL - 2022-11-09 23:53:38 --> Undefined variable: tes
#0 C:\Users\Lenovo\Desktop\ci4app\app\Views\pages\about.php(7): CodeIgniter\Debug\Exceptions->errorHandler(8, 'Undefined varia...', 'C:\\Users\\Lenovo...', 7, Array)
#1 C:\Users\Lenovo\Desktop\ci4app\vendor\codeigniter4\framework\system\View\View.php(210): include('C:\\Users\\Lenovo...')
#2 C:\Users\Lenovo\Desktop\ci4app\vendor\codeigniter4\framework\system\View\View.php(213): CodeIgniter\View\View->CodeIgniter\View\{closure}()
#3 C:\Users\Lenovo\Desktop\ci4app\vendor\codeigniter4\framework\system\Common.php(1089): CodeIgniter\View\View->render('pages/about', Array, true)
#4 C:\Users\Lenovo\Desktop\ci4app\app\Controllers\Pages.php(24): view('pages/about')
#5 C:\Users\Lenovo\Desktop\ci4app\vendor\codeigniter4\framework\system\CodeIgniter.php(832): App\Controllers\Pages->about()
#6 C:\Users\Lenovo\Desktop\ci4app\vendor\codeigniter4\framework\system\CodeIgniter.php(419): CodeIgniter\CodeIgniter->runController(Object(App\Controllers\Pages))
#7 C:\Users\Lenovo\Desktop\ci4app\vendor\codeigniter4\framework\system\CodeIgniter.php(326): CodeIgniter\CodeIgniter->handleRequest(NULL, Object(Config\Cache), false)
#8 C:\Users\Lenovo\Desktop\ci4app\public\index.php(37): CodeIgniter\CodeIgniter->run()
#9 C:\Users\Lenovo\Desktop\ci4app\vendor\codeigniter4\framework\system\Commands\Server\rewrite.php(43): require_once('C:\\Users\\Lenovo...')
#10 {main}
